<?xml version="1.0" encoding="UTF-8"?>
<testsuite xmlns:xsi="http://www.w3.org/2001/XMLSchema-instance" xsi:noNamespaceSchemaLocation="https://maven.apache.org/surefire/maven-surefire-plugin/xsd/surefire-test-report.xsd" version="3.0.2" name="com.example.service.ut.ReceiptProcessorServiceTests" time="0.497" tests="4" errors="0" skipped="0" failures="0">
  <properties>
    <property name="java.specification.version" value="17"/>
    <property name="sun.jnu.encoding" value="UTF-8"/>
    <property name="java.class.path" value="/Users/erikgomez/IdeaProjects/ReceiptProcessor/target/test-classes:/Users/erikgomez/IdeaProjects/ReceiptProcessor/target/classes:/Users/erikgomez/.m2/repository/org/springframework/boot/spring-boot-starter/3.4.2/spring-boot-starter-3.4.2.jar:/Users/erikgomez/.m2/repository/org/springframework/boot/spring-boot/3.4.2/spring-boot-3.4.2.jar:/Users/erikgomez/.m2/repository/org/springframework/spring-context/6.2.2/spring-context-6.2.2.jar:/Users/erikgomez/.m2/repository/org/springframework/boot/spring-boot-autoconfigure/3.4.2/spring-boot-autoconfigure-3.4.2.jar:/Users/erikgomez/.m2/repository/org/springframework/boot/spring-boot-starter-logging/3.4.2/spring-boot-starter-logging-3.4.2.jar:/Users/erikgomez/.m2/repository/ch/qos/logback/logback-classic/1.5.16/logback-classic-1.5.16.jar:/Users/erikgomez/.m2/repository/ch/qos/logback/logback-core/1.5.16/logback-core-1.5.16.jar:/Users/erikgomez/.m2/repository/org/apache/logging/log4j/log4j-to-slf4j/2.24.3/log4j-to-slf4j-2.24.3.jar:/Users/erikgomez/.m2/repository/org/apache/logging/log4j/log4j-api/2.24.3/log4j-api-2.24.3.jar:/Users/erikgomez/.m2/repository/org/slf4j/jul-to-slf4j/2.0.16/jul-to-slf4j-2.0.16.jar:/Users/erikgomez/.m2/repository/jakarta/annotation/jakarta.annotation-api/2.1.1/jakarta.annotation-api-2.1.1.jar:/Users/erikgomez/.m2/repository/org/springframework/spring-core/6.2.2/spring-core-6.2.2.jar:/Users/erikgomez/.m2/repository/org/springframework/spring-jcl/6.2.2/spring-jcl-6.2.2.jar:/Users/erikgomez/.m2/repository/org/yaml/snakeyaml/2.3/snakeyaml-2.3.jar:/Users/erikgomez/.m2/repository/org/projectlombok/lombok/1.18.36/lombok-1.18.36.jar:/Users/erikgomez/.m2/repository/org/springframework/boot/spring-boot-starter-test/3.4.2/spring-boot-starter-test-3.4.2.jar:/Users/erikgomez/.m2/repository/org/springframework/boot/spring-boot-test/3.4.2/spring-boot-test-3.4.2.jar:/Users/erikgomez/.m2/repository/org/springframework/boot/spring-boot-test-autoconfigure/3.4.2/spring-boot-test-autoconfigure-3.4.2.jar:/Users/erikgomez/.m2/repository/com/jayway/jsonpath/json-path/2.9.0/json-path-2.9.0.jar:/Users/erikgomez/.m2/repository/org/slf4j/slf4j-api/2.0.16/slf4j-api-2.0.16.jar:/Users/erikgomez/.m2/repository/jakarta/xml/bind/jakarta.xml.bind-api/4.0.2/jakarta.xml.bind-api-4.0.2.jar:/Users/erikgomez/.m2/repository/jakarta/activation/jakarta.activation-api/2.1.3/jakarta.activation-api-2.1.3.jar:/Users/erikgomez/.m2/repository/net/minidev/json-smart/2.5.1/json-smart-2.5.1.jar:/Users/erikgomez/.m2/repository/net/minidev/accessors-smart/2.5.1/accessors-smart-2.5.1.jar:/Users/erikgomez/.m2/repository/org/ow2/asm/asm/9.6/asm-9.6.jar:/Users/erikgomez/.m2/repository/org/assertj/assertj-core/3.26.3/assertj-core-3.26.3.jar:/Users/erikgomez/.m2/repository/net/bytebuddy/byte-buddy/1.15.11/byte-buddy-1.15.11.jar:/Users/erikgomez/.m2/repository/org/awaitility/awaitility/4.2.2/awaitility-4.2.2.jar:/Users/erikgomez/.m2/repository/org/hamcrest/hamcrest/2.2/hamcrest-2.2.jar:/Users/erikgomez/.m2/repository/org/junit/jupiter/junit-jupiter/5.11.4/junit-jupiter-5.11.4.jar:/Users/erikgomez/.m2/repository/org/junit/jupiter/junit-jupiter-api/5.11.4/junit-jupiter-api-5.11.4.jar:/Users/erikgomez/.m2/repository/org/opentest4j/opentest4j/1.3.0/opentest4j-1.3.0.jar:/Users/erikgomez/.m2/repository/org/junit/platform/junit-platform-commons/1.11.4/junit-platform-commons-1.11.4.jar:/Users/erikgomez/.m2/repository/org/apiguardian/apiguardian-api/1.1.2/apiguardian-api-1.1.2.jar:/Users/erikgomez/.m2/repository/org/junit/jupiter/junit-jupiter-params/5.11.4/junit-jupiter-params-5.11.4.jar:/Users/erikgomez/.m2/repository/org/junit/jupiter/junit-jupiter-engine/5.11.4/junit-jupiter-engine-5.11.4.jar:/Users/erikgomez/.m2/repository/org/junit/platform/junit-platform-engine/1.11.4/junit-platform-engine-1.11.4.jar:/Users/erikgomez/.m2/repository/org/mockito/mockito-core/5.14.2/mockito-core-5.14.2.jar:/Users/erikgomez/.m2/repository/net/bytebuddy/byte-buddy-agent/1.15.11/byte-buddy-agent-1.15.11.jar:/Users/erikgomez/.m2/repository/org/objenesis/objenesis/3.3/objenesis-3.3.jar:/Users/erikgomez/.m2/repository/org/mockito/mockito-junit-jupiter/5.14.2/mockito-junit-jupiter-5.14.2.jar:/Users/erikgomez/.m2/repository/org/skyscreamer/jsonassert/1.5.3/jsonassert-1.5.3.jar:/Users/erikgomez/.m2/repository/com/vaadin/external/google/android-json/0.0.20131108.vaadin1/android-json-0.0.20131108.vaadin1.jar:/Users/erikgomez/.m2/repository/org/springframework/spring-test/6.2.2/spring-test-6.2.2.jar:/Users/erikgomez/.m2/repository/org/xmlunit/xmlunit-core/2.10.0/xmlunit-core-2.10.0.jar:/Users/erikgomez/.m2/repository/org/springframework/boot/spring-boot-starter-web/3.4.2/spring-boot-starter-web-3.4.2.jar:/Users/erikgomez/.m2/repository/org/springframework/boot/spring-boot-starter-json/3.4.2/spring-boot-starter-json-3.4.2.jar:/Users/erikgomez/.m2/repository/com/fasterxml/jackson/core/jackson-databind/2.18.2/jackson-databind-2.18.2.jar:/Users/erikgomez/.m2/repository/com/fasterxml/jackson/core/jackson-annotations/2.18.2/jackson-annotations-2.18.2.jar:/Users/erikgomez/.m2/repository/com/fasterxml/jackson/core/jackson-core/2.18.2/jackson-core-2.18.2.jar:/Users/erikgomez/.m2/repository/com/fasterxml/jackson/datatype/jackson-datatype-jdk8/2.18.2/jackson-datatype-jdk8-2.18.2.jar:/Users/erikgomez/.m2/repository/com/fasterxml/jackson/datatype/jackson-datatype-jsr310/2.18.2/jackson-datatype-jsr310-2.18.2.jar:/Users/erikgomez/.m2/repository/com/fasterxml/jackson/module/jackson-module-parameter-names/2.18.2/jackson-module-parameter-names-2.18.2.jar:/Users/erikgomez/.m2/repository/org/springframework/boot/spring-boot-starter-tomcat/3.4.2/spring-boot-starter-tomcat-3.4.2.jar:/Users/erikgomez/.m2/repository/org/apache/tomcat/embed/tomcat-embed-core/10.1.34/tomcat-embed-core-10.1.34.jar:/Users/erikgomez/.m2/repository/org/apache/tomcat/embed/tomcat-embed-el/10.1.34/tomcat-embed-el-10.1.34.jar:/Users/erikgomez/.m2/repository/org/apache/tomcat/embed/tomcat-embed-websocket/10.1.34/tomcat-embed-websocket-10.1.34.jar:/Users/erikgomez/.m2/repository/org/springframework/spring-web/6.2.2/spring-web-6.2.2.jar:/Users/erikgomez/.m2/repository/org/springframework/spring-beans/6.2.2/spring-beans-6.2.2.jar:/Users/erikgomez/.m2/repository/io/micrometer/micrometer-observation/1.14.3/micrometer-observation-1.14.3.jar:/Users/erikgomez/.m2/repository/io/micrometer/micrometer-commons/1.14.3/micrometer-commons-1.14.3.jar:/Users/erikgomez/.m2/repository/org/springframework/spring-webmvc/6.2.2/spring-webmvc-6.2.2.jar:/Users/erikgomez/.m2/repository/org/springframework/spring-aop/6.2.2/spring-aop-6.2.2.jar:/Users/erikgomez/.m2/repository/org/springframework/spring-expression/6.2.2/spring-expression-6.2.2.jar:"/>
    <property name="java.vm.vendor" value="Oracle Corporation"/>
    <property name="sun.arch.data.model" value="64"/>
    <property name="java.vendor.url" value="https://java.oracle.com/"/>
    <property name="user.timezone" value="America/Los_Angeles"/>
    <property name="os.name" value="Mac OS X"/>
    <property name="java.vm.specification.version" value="17"/>
    <property name="sun.java.launcher" value="SUN_STANDARD"/>
    <property name="user.country" value="US"/>
    <property name="sun.boot.library.path" value="/Library/Java/JavaVirtualMachines/jdk-17.0.1.jdk/Contents/Home/lib"/>
    <property name="sun.java.command" value="/Users/erikgomez/IdeaProjects/ReceiptProcessor/target/surefire/surefirebooter-20250128214257915_3.jar /Users/erikgomez/IdeaProjects/ReceiptProcessor/target/surefire 2025-01-28T21-42-57_873-jvmRun1 surefire-20250128214257915_1tmp surefire_0-20250128214257915_2tmp"/>
    <property name="http.nonProxyHosts" value="local|*.local|169.254/16|*.169.254/16"/>
    <property name="jdk.debug" value="release"/>
    <property name="surefire.test.class.path" value="/Users/erikgomez/IdeaProjects/ReceiptProcessor/target/test-classes:/Users/erikgomez/IdeaProjects/ReceiptProcessor/target/classes:/Users/erikgomez/.m2/repository/org/springframework/boot/spring-boot-starter/3.4.2/spring-boot-starter-3.4.2.jar:/Users/erikgomez/.m2/repository/org/springframework/boot/spring-boot/3.4.2/spring-boot-3.4.2.jar:/Users/erikgomez/.m2/repository/org/springframework/spring-context/6.2.2/spring-context-6.2.2.jar:/Users/erikgomez/.m2/repository/org/springframework/boot/spring-boot-autoconfigure/3.4.2/spring-boot-autoconfigure-3.4.2.jar:/Users/erikgomez/.m2/repository/org/springframework/boot/spring-boot-starter-logging/3.4.2/spring-boot-starter-logging-3.4.2.jar:/Users/erikgomez/.m2/repository/ch/qos/logback/logback-classic/1.5.16/logback-classic-1.5.16.jar:/Users/erikgomez/.m2/repository/ch/qos/logback/logback-core/1.5.16/logback-core-1.5.16.jar:/Users/erikgomez/.m2/repository/org/apache/logging/log4j/log4j-to-slf4j/2.24.3/log4j-to-slf4j-2.24.3.jar:/Users/erikgomez/.m2/repository/org/apache/logging/log4j/log4j-api/2.24.3/log4j-api-2.24.3.jar:/Users/erikgomez/.m2/repository/org/slf4j/jul-to-slf4j/2.0.16/jul-to-slf4j-2.0.16.jar:/Users/erikgomez/.m2/repository/jakarta/annotation/jakarta.annotation-api/2.1.1/jakarta.annotation-api-2.1.1.jar:/Users/erikgomez/.m2/repository/org/springframework/spring-core/6.2.2/spring-core-6.2.2.jar:/Users/erikgomez/.m2/repository/org/springframework/spring-jcl/6.2.2/spring-jcl-6.2.2.jar:/Users/erikgomez/.m2/repository/org/yaml/snakeyaml/2.3/snakeyaml-2.3.jar:/Users/erikgomez/.m2/repository/org/projectlombok/lombok/1.18.36/lombok-1.18.36.jar:/Users/erikgomez/.m2/repository/org/springframework/boot/spring-boot-starter-test/3.4.2/spring-boot-starter-test-3.4.2.jar:/Users/erikgomez/.m2/repository/org/springframework/boot/spring-boot-test/3.4.2/spring-boot-test-3.4.2.jar:/Users/erikgomez/.m2/repository/org/springframework/boot/spring-boot-test-autoconfigure/3.4.2/spring-boot-test-autoconfigure-3.4.2.jar:/Users/erikgomez/.m2/repository/com/jayway/jsonpath/json-path/2.9.0/json-path-2.9.0.jar:/Users/erikgomez/.m2/repository/org/slf4j/slf4j-api/2.0.16/slf4j-api-2.0.16.jar:/Users/erikgomez/.m2/repository/jakarta/xml/bind/jakarta.xml.bind-api/4.0.2/jakarta.xml.bind-api-4.0.2.jar:/Users/erikgomez/.m2/repository/jakarta/activation/jakarta.activation-api/2.1.3/jakarta.activation-api-2.1.3.jar:/Users/erikgomez/.m2/repository/net/minidev/json-smart/2.5.1/json-smart-2.5.1.jar:/Users/erikgomez/.m2/repository/net/minidev/accessors-smart/2.5.1/accessors-smart-2.5.1.jar:/Users/erikgomez/.m2/repository/org/ow2/asm/asm/9.6/asm-9.6.jar:/Users/erikgomez/.m2/repository/org/assertj/assertj-core/3.26.3/assertj-core-3.26.3.jar:/Users/erikgomez/.m2/repository/net/bytebuddy/byte-buddy/1.15.11/byte-buddy-1.15.11.jar:/Users/erikgomez/.m2/repository/org/awaitility/awaitility/4.2.2/awaitility-4.2.2.jar:/Users/erikgomez/.m2/repository/org/hamcrest/hamcrest/2.2/hamcrest-2.2.jar:/Users/erikgomez/.m2/repository/org/junit/jupiter/junit-jupiter/5.11.4/junit-jupiter-5.11.4.jar:/Users/erikgomez/.m2/repository/org/junit/jupiter/junit-jupiter-api/5.11.4/junit-jupiter-api-5.11.4.jar:/Users/erikgomez/.m2/repository/org/opentest4j/opentest4j/1.3.0/opentest4j-1.3.0.jar:/Users/erikgomez/.m2/repository/org/junit/platform/junit-platform-commons/1.11.4/junit-platform-commons-1.11.4.jar:/Users/erikgomez/.m2/repository/org/apiguardian/apiguardian-api/1.1.2/apiguardian-api-1.1.2.jar:/Users/erikgomez/.m2/repository/org/junit/jupiter/junit-jupiter-params/5.11.4/junit-jupiter-params-5.11.4.jar:/Users/erikgomez/.m2/repository/org/junit/jupiter/junit-jupiter-engine/5.11.4/junit-jupiter-engine-5.11.4.jar:/Users/erikgomez/.m2/repository/org/junit/platform/junit-platform-engine/1.11.4/junit-platform-engine-1.11.4.jar:/Users/erikgomez/.m2/repository/org/mockito/mockito-core/5.14.2/mockito-core-5.14.2.jar:/Users/erikgomez/.m2/repository/net/bytebuddy/byte-buddy-agent/1.15.11/byte-buddy-agent-1.15.11.jar:/Users/erikgomez/.m2/repository/org/objenesis/objenesis/3.3/objenesis-3.3.jar:/Users/erikgomez/.m2/repository/org/mockito/mockito-junit-jupiter/5.14.2/mockito-junit-jupiter-5.14.2.jar:/Users/erikgomez/.m2/repository/org/skyscreamer/jsonassert/1.5.3/jsonassert-1.5.3.jar:/Users/erikgomez/.m2/repository/com/vaadin/external/google/android-json/0.0.20131108.vaadin1/android-json-0.0.20131108.vaadin1.jar:/Users/erikgomez/.m2/repository/org/springframework/spring-test/6.2.2/spring-test-6.2.2.jar:/Users/erikgomez/.m2/repository/org/xmlunit/xmlunit-core/2.10.0/xmlunit-core-2.10.0.jar:/Users/erikgomez/.m2/repository/org/springframework/boot/spring-boot-starter-web/3.4.2/spring-boot-starter-web-3.4.2.jar:/Users/erikgomez/.m2/repository/org/springframework/boot/spring-boot-starter-json/3.4.2/spring-boot-starter-json-3.4.2.jar:/Users/erikgomez/.m2/repository/com/fasterxml/jackson/core/jackson-databind/2.18.2/jackson-databind-2.18.2.jar:/Users/erikgomez/.m2/repository/com/fasterxml/jackson/core/jackson-annotations/2.18.2/jackson-annotations-2.18.2.jar:/Users/erikgomez/.m2/repository/com/fasterxml/jackson/core/jackson-core/2.18.2/jackson-core-2.18.2.jar:/Users/erikgomez/.m2/repository/com/fasterxml/jackson/datatype/jackson-datatype-jdk8/2.18.2/jackson-datatype-jdk8-2.18.2.jar:/Users/erikgomez/.m2/repository/com/fasterxml/jackson/datatype/jackson-datatype-jsr310/2.18.2/jackson-datatype-jsr310-2.18.2.jar:/Users/erikgomez/.m2/repository/com/fasterxml/jackson/module/jackson-module-parameter-names/2.18.2/jackson-module-parameter-names-2.18.2.jar:/Users/erikgomez/.m2/repository/org/springframework/boot/spring-boot-starter-tomcat/3.4.2/spring-boot-starter-tomcat-3.4.2.jar:/Users/erikgomez/.m2/repository/org/apache/tomcat/embed/tomcat-embed-core/10.1.34/tomcat-embed-core-10.1.34.jar:/Users/erikgomez/.m2/repository/org/apache/tomcat/embed/tomcat-embed-el/10.1.34/tomcat-embed-el-10.1.34.jar:/Users/erikgomez/.m2/repository/org/apache/tomcat/embed/tomcat-embed-websocket/10.1.34/tomcat-embed-websocket-10.1.34.jar:/Users/erikgomez/.m2/repository/org/springframework/spring-web/6.2.2/spring-web-6.2.2.jar:/Users/erikgomez/.m2/repository/org/springframework/spring-beans/6.2.2/spring-beans-6.2.2.jar:/Users/erikgomez/.m2/repository/io/micrometer/micrometer-observation/1.14.3/micrometer-observation-1.14.3.jar:/Users/erikgomez/.m2/repository/io/micrometer/micrometer-commons/1.14.3/micrometer-commons-1.14.3.jar:/Users/erikgomez/.m2/repository/org/springframework/spring-webmvc/6.2.2/spring-webmvc-6.2.2.jar:/Users/erikgomez/.m2/repository/org/springframework/spring-aop/6.2.2/spring-aop-6.2.2.jar:/Users/erikgomez/.m2/repository/org/springframework/spring-expression/6.2.2/spring-expression-6.2.2.jar:"/>
    <property name="sun.cpu.endian" value="little"/>
    <property name="user.home" value="/Users/erikgomez"/>
    <property name="user.language" value="en"/>
    <property name="java.specification.vendor" value="Oracle Corporation"/>
    <property name="java.version.date" value="2021-10-19"/>
    <property name="java.home" value="/Library/Java/JavaVirtualMachines/jdk-17.0.1.jdk/Contents/Home"/>
    <property name="file.separator" value="/"/>
    <property name="basedir" value="/Users/erikgomez/IdeaProjects/ReceiptProcessor"/>
    <property name="java.vm.compressedOopsMode" value="Zero based"/>
    <property name="line.separator" value="&#10;"/>
    <property name="java.vm.specification.vendor" value="Oracle Corporation"/>
    <property name="java.specification.name" value="Java Platform API Specification"/>
    <property name="surefire.real.class.path" value="/Users/erikgomez/IdeaProjects/ReceiptProcessor/target/surefire/surefirebooter-20250128214257915_3.jar"/>
    <property name="sun.management.compiler" value="HotSpot 64-Bit Tiered Compilers"/>
    <property name="ftp.nonProxyHosts" value="local|*.local|169.254/16|*.169.254/16"/>
    <property name="java.runtime.version" value="17.0.1+12-LTS-39"/>
    <property name="user.name" value="erikgomez"/>
    <property name="path.separator" value=":"/>
    <property name="os.version" value="13.5.2"/>
    <property name="java.runtime.name" value="Java(TM) SE Runtime Environment"/>
    <property name="file.encoding" value="UTF-8"/>
    <property name="java.vm.name" value="Java HotSpot(TM) 64-Bit Server VM"/>
    <property name="localRepository" value="/Users/erikgomez/.m2/repository"/>
    <property name="java.vendor.url.bug" value="https://bugreport.java.com/bugreport/"/>
    <property name="java.io.tmpdir" value="/var/folders/jw/mp38hyt96t78djphcpsywkj00000gn/T/"/>
    <property name="idea.version" value="2024.3.2.1"/>
    <property name="java.version" value="17.0.1"/>
    <property name="user.dir" value="/Users/erikgomez/IdeaProjects/ReceiptProcessor"/>
    <property name="os.arch" value="aarch64"/>
    <property name="java.vm.specification.name" value="Java Virtual Machine Specification"/>
    <property name="native.encoding" value="UTF-8"/>
    <property name="java.library.path" value="/Users/erikgomez/Library/Java/Extensions:/Library/Java/Extensions:/Network/Library/Java/Extensions:/System/Library/Java/Extensions:/usr/lib/java:."/>
    <property name="java.vm.info" value="mixed mode, sharing"/>
    <property name="java.vendor" value="Oracle Corporation"/>
    <property name="java.vm.version" value="17.0.1+12-LTS-39"/>
    <property name="sun.io.unicode.encoding" value="UnicodeBig"/>
    <property name="socksNonProxyHosts" value="local|*.local|169.254/16|*.169.254/16"/>
    <property name="java.class.version" value="61.0"/>
  </properties>
  <testcase name="calculatePointsValidReceiptShouldReturnCorrectPoints2" classname="com.example.service.ut.ReceiptProcessorServiceTests" time="0.473">
    <system-out><![CDATA[21:42:58.637 [main] INFO com.example.service.ReceiptProcessorServiceImpl -- Awarded 14 total points based on retailer name M&M Corner Market
21:42:58.639 [main] INFO com.example.service.ReceiptProcessorServiceImpl -- Awarded 75 total points based on total
21:42:58.639 [main] INFO com.example.service.ReceiptProcessorServiceImpl -- Awarded 10 total points based on items
21:42:58.640 [main] INFO com.example.service.ReceiptProcessorServiceImpl -- Awarded 0 total points based on purchase date
21:42:58.640 [main] INFO com.example.service.ReceiptProcessorServiceImpl -- Awarded 10 total points based on purchase time
21:42:58.640 [main] INFO com.example.service.ReceiptProcessorServiceImpl -- Calculated points for given receipt as: 109
21:42:58.640 [main] INFO com.example.service.ReceiptProcessorServiceImpl -- Points for process id 3d4fbd02-0784-4638-b7a0-38757ff65589 is 109
]]></system-out>
  </testcase>
  <testcase name="processPointsValidReceiptShouldReturnProcessId" classname="com.example.service.ut.ReceiptProcessorServiceTests" time="0.006">
    <system-out><![CDATA[21:42:58.651 [main] INFO com.example.service.ReceiptProcessorServiceImpl -- Awarded 6 total points based on retailer name Target
21:42:58.651 [main] INFO com.example.service.ReceiptProcessorServiceImpl -- Awarded 0 total points based on total
21:42:58.652 [main] INFO com.example.service.ReceiptProcessorServiceImpl -- Awarded 16 total points based on items
21:42:58.652 [main] INFO com.example.service.ReceiptProcessorServiceImpl -- Awarded 6 total points based on purchase date
21:42:58.652 [main] INFO com.example.service.ReceiptProcessorServiceImpl -- Awarded 0 total points based on purchase time
21:42:58.652 [main] INFO com.example.service.ReceiptProcessorServiceImpl -- Calculated points for given receipt as: 28
]]></system-out>
  </testcase>
  <testcase name="calculatePointsValidReceiptShouldReturnCorrectPoints" classname="com.example.service.ut.ReceiptProcessorServiceTests" time="0.002">
    <system-out><![CDATA[21:42:58.657 [main] INFO com.example.service.ReceiptProcessorServiceImpl -- Awarded 6 total points based on retailer name Target
21:42:58.657 [main] INFO com.example.service.ReceiptProcessorServiceImpl -- Awarded 0 total points based on total
21:42:58.657 [main] INFO com.example.service.ReceiptProcessorServiceImpl -- Awarded 16 total points based on items
21:42:58.657 [main] INFO com.example.service.ReceiptProcessorServiceImpl -- Awarded 6 total points based on purchase date
21:42:58.657 [main] INFO com.example.service.ReceiptProcessorServiceImpl -- Awarded 0 total points based on purchase time
21:42:58.657 [main] INFO com.example.service.ReceiptProcessorServiceImpl -- Calculated points for given receipt as: 28
21:42:58.657 [main] INFO com.example.service.ReceiptProcessorServiceImpl -- Points for process id 01d09ca2-2343-4a5f-a8fe-31fbe5a294bc is 28
]]></system-out>
  </testcase>
  <testcase name="processPointsInvalidReceiptShouldThrowException" classname="com.example.service.ut.ReceiptProcessorServiceTests" time="0.003">
    <system-out><![CDATA[21:42:58.661 [main] ERROR com.example.service.ReceiptProcessorServiceImpl -- Encountered error(s) while validating receipt: [Invalid receipt]
]]></system-out>
  </testcase>
</testsuite>